0 info it worked if it ends with ok
1 verbose cli [ '/usr/local/bin/node',
1 verbose cli   '/usr/local/bin/npm',
1 verbose cli   'install',
1 verbose cli   '-g',
1 verbose cli   'yo',
1 verbose cli   'generator-babel-boilerplategit',
1 verbose cli   'st' ]
2 info using npm@4.1.2
3 info using node@v7.6.0
4 silly loadCurrentTree Starting
5 silly install loadCurrentTree
6 silly install readGlobalPackageData
7 silly fetchPackageMetaData yo
8 silly fetchPackageMetaData generator-babel-boilerplategit
9 silly fetchPackageMetaData st
10 silly fetchNamedPackageData generator-babel-boilerplategit
11 silly mapToRegistry name generator-babel-boilerplategit
12 silly mapToRegistry using default registry
13 silly mapToRegistry registry https://registry.npmjs.org/
14 silly mapToRegistry data Result {
14 silly mapToRegistry   raw: 'generator-babel-boilerplategit',
14 silly mapToRegistry   scope: null,
14 silly mapToRegistry   escapedName: 'generator-babel-boilerplategit',
14 silly mapToRegistry   name: 'generator-babel-boilerplategit',
14 silly mapToRegistry   rawSpec: '',
14 silly mapToRegistry   spec: 'latest',
14 silly mapToRegistry   type: 'tag' }
15 silly mapToRegistry uri https://registry.npmjs.org/generator-babel-boilerplategit
16 silly fetchNamedPackageData yo
17 silly mapToRegistry name yo
18 silly mapToRegistry using default registry
19 silly mapToRegistry registry https://registry.npmjs.org/
20 silly mapToRegistry data Result {
20 silly mapToRegistry   raw: 'yo',
20 silly mapToRegistry   scope: null,
20 silly mapToRegistry   escapedName: 'yo',
20 silly mapToRegistry   name: 'yo',
20 silly mapToRegistry   rawSpec: '',
20 silly mapToRegistry   spec: 'latest',
20 silly mapToRegistry   type: 'tag' }
21 silly mapToRegistry uri https://registry.npmjs.org/yo
22 silly fetchNamedPackageData st
23 silly mapToRegistry name st
24 silly mapToRegistry using default registry
25 silly mapToRegistry registry https://registry.npmjs.org/
26 silly mapToRegistry data Result {
26 silly mapToRegistry   raw: 'st',
26 silly mapToRegistry   scope: null,
26 silly mapToRegistry   escapedName: 'st',
26 silly mapToRegistry   name: 'st',
26 silly mapToRegistry   rawSpec: '',
26 silly mapToRegistry   spec: 'latest',
26 silly mapToRegistry   type: 'tag' }
27 silly mapToRegistry uri https://registry.npmjs.org/st
28 verbose request uri https://registry.npmjs.org/generator-babel-boilerplategit
29 verbose request no auth needed
30 info attempt registry request try #1 at 6:21:43 PM
31 verbose request id 3414d41f72211490
32 http request GET https://registry.npmjs.org/generator-babel-boilerplategit
33 verbose request uri https://registry.npmjs.org/yo
34 verbose request no auth needed
35 info attempt registry request try #1 at 6:21:43 PM
36 http request GET https://registry.npmjs.org/yo
37 verbose request uri https://registry.npmjs.org/st
38 verbose request no auth needed
39 info attempt registry request try #1 at 6:21:43 PM
40 http request GET https://registry.npmjs.org/st
41 http 200 https://registry.npmjs.org/st
42 verbose headers { server: 'nginx/1.10.1',
42 verbose headers   'content-type': 'application/json',
42 verbose headers   'last-modified': 'Thu, 27 Oct 2016 14:56:38 GMT',
42 verbose headers   etag: 'W/"581215a6-c934"',
42 verbose headers   'content-encoding': 'gzip',
42 verbose headers   'cache-control': 'max-age=300',
42 verbose headers   'content-length': '7839',
42 verbose headers   'accept-ranges': 'bytes',
42 verbose headers   date: 'Fri, 24 Feb 2017 17:20:47 GMT',
42 verbose headers   via: '1.1 varnish',
42 verbose headers   age: '0',
42 verbose headers   connection: 'keep-alive',
42 verbose headers   'x-served-by': 'cache-lcy1146-LCY',
42 verbose headers   'x-cache': 'HIT',
42 verbose headers   'x-cache-hits': '1',
42 verbose headers   'x-timer': 'S1487956847.392460,VS0,VE18',
42 verbose headers   vary: 'Accept-Encoding' }
43 silly get cb [ 200,
43 silly get   { server: 'nginx/1.10.1',
43 silly get     'content-type': 'application/json',
43 silly get     'last-modified': 'Thu, 27 Oct 2016 14:56:38 GMT',
43 silly get     etag: 'W/"581215a6-c934"',
43 silly get     'content-encoding': 'gzip',
43 silly get     'cache-control': 'max-age=300',
43 silly get     'content-length': '7839',
43 silly get     'accept-ranges': 'bytes',
43 silly get     date: 'Fri, 24 Feb 2017 17:20:47 GMT',
43 silly get     via: '1.1 varnish',
43 silly get     age: '0',
43 silly get     connection: 'keep-alive',
43 silly get     'x-served-by': 'cache-lcy1146-LCY',
43 silly get     'x-cache': 'HIT',
43 silly get     'x-cache-hits': '1',
43 silly get     'x-timer': 'S1487956847.392460,VS0,VE18',
43 silly get     vary: 'Accept-Encoding' } ]
44 verbose get saving st to /Users/alexm/.npm/registry.npmjs.org/st/.cache.json
45 verbose correctMkdir /Users/alexm/.npm correctMkdir not in flight; initializing
46 http 200 https://registry.npmjs.org/yo
47 verbose headers { server: 'nginx/1.10.1',
47 verbose headers   'content-type': 'application/json',
47 verbose headers   'last-modified': 'Mon, 20 Feb 2017 22:07:54 GMT',
47 verbose headers   etag: 'W/"58ab68ba-11668"',
47 verbose headers   'content-encoding': 'gzip',
47 verbose headers   'cache-control': 'max-age=300',
47 verbose headers   'content-length': '9729',
47 verbose headers   'accept-ranges': 'bytes',
47 verbose headers   date: 'Fri, 24 Feb 2017 17:20:47 GMT',
47 verbose headers   via: '1.1 varnish',
47 verbose headers   age: '0',
47 verbose headers   connection: 'keep-alive',
47 verbose headers   'x-served-by': 'cache-lcy1145-LCY',
47 verbose headers   'x-cache': 'HIT',
47 verbose headers   'x-cache-hits': '1',
47 verbose headers   'x-timer': 'S1487956847.391544,VS0,VE18',
47 verbose headers   vary: 'Accept-Encoding' }
48 silly get cb [ 200,
48 silly get   { server: 'nginx/1.10.1',
48 silly get     'content-type': 'application/json',
48 silly get     'last-modified': 'Mon, 20 Feb 2017 22:07:54 GMT',
48 silly get     etag: 'W/"58ab68ba-11668"',
48 silly get     'content-encoding': 'gzip',
48 silly get     'cache-control': 'max-age=300',
48 silly get     'content-length': '9729',
48 silly get     'accept-ranges': 'bytes',
48 silly get     date: 'Fri, 24 Feb 2017 17:20:47 GMT',
48 silly get     via: '1.1 varnish',
48 silly get     age: '0',
48 silly get     connection: 'keep-alive',
48 silly get     'x-served-by': 'cache-lcy1145-LCY',
48 silly get     'x-cache': 'HIT',
48 silly get     'x-cache-hits': '1',
48 silly get     'x-timer': 'S1487956847.391544,VS0,VE18',
48 silly get     vary: 'Accept-Encoding' } ]
49 verbose get saving yo to /Users/alexm/.npm/registry.npmjs.org/yo/.cache.json
50 verbose correctMkdir /Users/alexm/.npm correctMkdir not in flight; initializing
51 http 404 https://registry.npmjs.org/generator-babel-boilerplategit
52 verbose headers { 'content-type': 'application/json',
52 verbose headers   'cache-control': 'max-age=0',
52 verbose headers   'content-length': '2',
52 verbose headers   'accept-ranges': 'bytes',
52 verbose headers   date: 'Fri, 24 Feb 2017 17:20:47 GMT',
52 verbose headers   via: '1.1 varnish',
52 verbose headers   age: '0',
52 verbose headers   connection: 'keep-alive',
52 verbose headers   'x-served-by': 'cache-lcy1140-LCY',
52 verbose headers   'x-cache': 'MISS',
52 verbose headers   'x-cache-hits': '0',
52 verbose headers   'x-timer': 'S1487956847.390216,VS0,VE385',
52 verbose headers   vary: 'Accept-Encoding' }
53 silly get cb [ 404,
53 silly get   { 'content-type': 'application/json',
53 silly get     'cache-control': 'max-age=0',
53 silly get     'content-length': '2',
53 silly get     'accept-ranges': 'bytes',
53 silly get     date: 'Fri, 24 Feb 2017 17:20:47 GMT',
53 silly get     via: '1.1 varnish',
53 silly get     age: '0',
53 silly get     connection: 'keep-alive',
53 silly get     'x-served-by': 'cache-lcy1140-LCY',
53 silly get     'x-cache': 'MISS',
53 silly get     'x-cache-hits': '0',
53 silly get     'x-timer': 'S1487956847.390216,VS0,VE385',
53 silly get     vary: 'Accept-Encoding' } ]
54 silly fetchPackageMetaData Error: Registry returned 404 for GET on https://registry.npmjs.org/generator-babel-boilerplategit
54 silly fetchPackageMetaData     at makeError (/usr/local/lib/node_modules/npm/node_modules/npm-registry-client/lib/request.js:304:12)
54 silly fetchPackageMetaData     at CachingRegistryClient.<anonymous> (/usr/local/lib/node_modules/npm/node_modules/npm-registry-client/lib/request.js:282:14)
54 silly fetchPackageMetaData     at Request._callback (/usr/local/lib/node_modules/npm/node_modules/npm-registry-client/lib/request.js:212:14)
54 silly fetchPackageMetaData     at Request.self.callback (/usr/local/lib/node_modules/npm/node_modules/request/request.js:186:22)
54 silly fetchPackageMetaData     at emitTwo (events.js:106:13)
54 silly fetchPackageMetaData     at Request.emit (events.js:192:7)
54 silly fetchPackageMetaData     at Request.<anonymous> (/usr/local/lib/node_modules/npm/node_modules/request/request.js:1081:10)
54 silly fetchPackageMetaData     at emitOne (events.js:96:13)
54 silly fetchPackageMetaData     at Request.emit (events.js:189:7)
54 silly fetchPackageMetaData     at IncomingMessage.<anonymous> (/usr/local/lib/node_modules/npm/node_modules/request/request.js:1001:12)
54 silly fetchPackageMetaData  error for generator-babel-boilerplategit { Error: Registry returned 404 for GET on https://registry.npmjs.org/generator-babel-boilerplategit
54 silly fetchPackageMetaData     at makeError (/usr/local/lib/node_modules/npm/node_modules/npm-registry-client/lib/request.js:304:12)
54 silly fetchPackageMetaData     at CachingRegistryClient.<anonymous> (/usr/local/lib/node_modules/npm/node_modules/npm-registry-client/lib/request.js:282:14)
54 silly fetchPackageMetaData     at Request._callback (/usr/local/lib/node_modules/npm/node_modules/npm-registry-client/lib/request.js:212:14)
54 silly fetchPackageMetaData     at Request.self.callback (/usr/local/lib/node_modules/npm/node_modules/request/request.js:186:22)
54 silly fetchPackageMetaData     at emitTwo (events.js:106:13)
54 silly fetchPackageMetaData     at Request.emit (events.js:192:7)
54 silly fetchPackageMetaData     at Request.<anonymous> (/usr/local/lib/node_modules/npm/node_modules/request/request.js:1081:10)
54 silly fetchPackageMetaData     at emitOne (events.js:96:13)
54 silly fetchPackageMetaData     at Request.emit (events.js:189:7)
54 silly fetchPackageMetaData     at IncomingMessage.<anonymous> (/usr/local/lib/node_modules/npm/node_modules/request/request.js:1001:12)
54 silly fetchPackageMetaData   pkgid: 'generator-babel-boilerplategit',
54 silly fetchPackageMetaData   statusCode: 404,
54 silly fetchPackageMetaData   code: 'E404' }
55 silly rollbackFailedOptional Starting
56 verbose stack TypeError: Cannot read property 'path' of null
56 verbose stack     at Installer.rollbackFailedOptional (/usr/local/lib/node_modules/npm/lib/install.js:511:29)
56 verbose stack     at Array.<anonymous> (/usr/local/lib/node_modules/npm/node_modules/slide/lib/bind-actor.js:15:8)
56 verbose stack     at LOOP (/usr/local/lib/node_modules/npm/node_modules/slide/lib/chain.js:15:14)
56 verbose stack     at /usr/local/lib/node_modules/npm/node_modules/slide/lib/chain.js:18:7
56 verbose stack     at /usr/local/lib/node_modules/npm/lib/install.js:337:5
56 verbose stack     at Array.<anonymous> (/usr/local/lib/node_modules/npm/node_modules/slide/lib/bind-actor.js:15:8)
56 verbose stack     at LOOP (/usr/local/lib/node_modules/npm/node_modules/slide/lib/chain.js:15:14)
56 verbose stack     at chain (/usr/local/lib/node_modules/npm/node_modules/slide/lib/chain.js:20:5)
56 verbose stack     at /usr/local/lib/node_modules/npm/lib/install.js:294:5
56 verbose stack     at /usr/local/lib/node_modules/npm/node_modules/slide/lib/chain.js:16:22
57 verbose cwd /Users/alexm/Projects/link-cut-tree
58 error Darwin 15.6.0
59 error argv "/usr/local/bin/node" "/usr/local/bin/npm" "install" "-g" "yo" "generator-babel-boilerplategit" "st"
60 error node v7.6.0
61 error npm  v4.1.2
62 error Cannot read property 'path' of null
63 error If you need help, you may report this error at:
63 error     <https://github.com/npm/npm/issues>
64 verbose exit [ 1, true ]
